build/app/intermediates/manifest_merge_blame_file/debug/manifest-merger-blame-debug-report.txt
1<?xml version="1.0" encoding="utf-8"?>
2<manifest xmlns:android="http://schemas.android.com/apk/res/android"
3    package="com.ofy.youthopportunities"
4    android:versionCode="11"
5    android:versionName="2.0.0" >
6
7    <uses-sdk
8        android:minSdkVersion="17"
9        android:targetSdkVersion="29" />
10    <!-- com.ofy.youthopportunities -->
11    <!--
12         Flutter needs it to communicate with the running application
13         to allow setting breakpoints, to provide hot reload, etc.
14    -->
15    <uses-permission android:name="android.permission.INTERNET" />
15-->src/main/AndroidManifest.xml:61:5-66
15-->src/main/AndroidManifest.xml:61:22-64
16    <uses-permission android:name="android.permission.READ_EXTERNAL_STORAGE" />
16-->[:image_picker] AndroidManifest.xml:7:5-80
16-->[:image_picker] AndroidManifest.xml:7:22-77
17    <uses-permission android:name="android.permission.WRITE_EXTERNAL_STORAGE" />
17-->[:image_picker] AndroidManifest.xml:8:5-81
17-->[:image_picker] AndroidManifest.xml:8:22-78
18    <uses-permission android:name="android.permission.ACCESS_NETWORK_STATE" />
18-->[com.google.firebase:firebase-auth:20.0.0] AndroidManifest.xml:24:5-79
18-->[com.google.firebase:firebase-auth:20.0.0] AndroidManifest.xml:24:22-76
19    <uses-permission android:name="android.permission.WAKE_LOCK" /> <!-- Required by older versions of Google Play services to create IID tokens -->
19-->[com.google.firebase:firebase-iid:21.0.0] AndroidManifest.xml:24:5-68
19-->[com.google.firebase:firebase-iid:21.0.0] AndroidManifest.xml:24:22-65
20    <uses-permission android:name="com.google.android.c2dm.permission.RECEIVE" />
20-->[com.google.firebase:firebase-iid:21.0.0] AndroidManifest.xml:26:5-82
20-->[com.google.firebase:firebase-iid:21.0.0] AndroidManifest.xml:26:22-79
21    <uses-permission android:name="com.google.android.finsky.permission.BIND_GET_INSTALL_REFERRER_SERVICE" />
21-->[com.google.android.gms:play-services-measurement:18.0.0] AndroidManifest.xml:26:5-110
21-->[com.google.android.gms:play-services-measurement:18.0.0] AndroidManifest.xml:26:22-107
22    <uses-permission android:name="android.permission.RECEIVE_BOOT_COMPLETED" />
22-->[androidx.work:work-runtime:2.1.0] AndroidManifest.xml:27:5-81
22-->[androidx.work:work-runtime:2.1.0] AndroidManifest.xml:27:22-78
23
24    <application
24-->src/main/AndroidManifest.xml:8:5-60:19
25        android:name="io.flutter.app.FlutterApplication"
25-->src/main/AndroidManifest.xml:9:9-57
26        android:appComponentFactory="androidx.core.app.CoreComponentFactory"
26-->[androidx.core:core:1.2.0] AndroidManifest.xml:24:18-86
27        android:debuggable="true"
28        android:icon="@mipmap/ic_launcher"
28-->src/main/AndroidManifest.xml:11:9-43
29        android:label="Ofy"
29-->src/main/AndroidManifest.xml:10:9-28
30        android:networkSecurityConfig="@xml/network_security_config"
30-->src/main/AndroidManifest.xml:13:9-69
31        android:usesCleartextTraffic="true" >
31-->src/main/AndroidManifest.xml:12:9-44
32        <meta-data
32-->src/main/AndroidManifest.xml:15:9-17:73
33            android:name="com.google.android.gms.ads.APPLICATION_ID"
33-->src/main/AndroidManifest.xml:16:17-73
34            android:value="ca-app-pub-4469832093134965~2405663769" />
34-->src/main/AndroidManifest.xml:17:17-71
35
36        <activity
36-->src/main/AndroidManifest.xml:20:9-48:20
37            android:name="com.ofy.youthopportunities.MainActivity"
37-->src/main/AndroidManifest.xml:21:13-41
38            android:configChanges="orientation|keyboardHidden|keyboard|screenSize|smallestScreenSize|locale|layoutDirection|fontScale|screenLayout|density|uiMode"
38-->src/main/AndroidManifest.xml:24:13-163
39            android:hardwareAccelerated="true"
39-->src/main/AndroidManifest.xml:25:13-47
40            android:launchMode="singleTop"
40-->src/main/AndroidManifest.xml:22:13-43
41            android:theme="@style/LaunchTheme"
41-->src/main/AndroidManifest.xml:23:13-47
42            android:windowSoftInputMode="adjustResize" >
42-->src/main/AndroidManifest.xml:26:13-55
43
44            <!--
45                 Specifies an Android theme to apply to this Activity as soon as
46                 the Android process has started. This theme is visible to the user
47                 while the Flutter UI initializes. After that, this theme continues
48                 to determine the Window background behind the Flutter UI.
49            -->
50            <meta-data
50-->src/main/AndroidManifest.xml:31:13-34:17
51                android:name="io.flutter.embedding.android.NormalTheme"
51-->src/main/AndroidManifest.xml:32:15-70
52                android:resource="@style/NormalTheme" />
52-->src/main/AndroidManifest.xml:33:15-52
53            <!--
54                 Displays an Android View that continues showing the launch screen
55                 Drawable until Flutter paints its first frame, then this splash
56                 screen fades out. A splash screen is useful to avoid any visual
57                 gap between the end of Android's launch screen and the painting of
58                 Flutter's first frame.
59            -->
60            <meta-data
60-->src/main/AndroidManifest.xml:40:13-43:17
61                android:name="io.flutter.embedding.android.SplashScreenDrawable"
61-->src/main/AndroidManifest.xml:41:15-79
62                android:resource="@drawable/launch_background" />
62-->src/main/AndroidManifest.xml:42:15-61
63
64            <intent-filter>
64-->src/main/AndroidManifest.xml:44:13-47:29
65                <action android:name="android.intent.action.MAIN" />
65-->src/main/AndroidManifest.xml:45:17-68
65-->src/main/AndroidManifest.xml:45:25-66
66
67                <category android:name="android.intent.category.LAUNCHER" />
67-->src/main/AndroidManifest.xml:46:17-76
67-->src/main/AndroidManifest.xml:46:27-74
68            </intent-filter>
69        </activity>
70        <activity
70-->src/main/AndroidManifest.xml:50:9-53:71
71            android:name="com.yalantis.ucrop.UCropActivity"
71-->src/main/AndroidManifest.xml:51:13-60
72            android:screenOrientation="portrait"
72-->src/main/AndroidManifest.xml:52:13-49
73            android:theme="@style/Theme.AppCompat.Light.NoActionBar" />
73-->src/main/AndroidManifest.xml:53:13-69
74        <!--
75 Don't delete the meta-data below.
76             This is used by the Flutter tool to generate GeneratedPluginRegistrant.java
77        -->
78        <meta-data
78-->src/main/AndroidManifest.xml:56:9-58:33
79            android:name="flutterEmbedding"
79-->src/main/AndroidManifest.xml:57:13-44
80            android:value="2" />
80-->src/main/AndroidManifest.xml:58:13-30
81
82        <provider
82-->[:image_picker] AndroidManifest.xml:11:9-19:20
83            android:name="io.flutter.plugins.imagepicker.ImagePickerFileProvider"
83-->[:image_picker] AndroidManifest.xml:12:13-82
84            android:authorities="com.ofy.youthopportunities.flutter.image_provider"
84-->[:image_picker] AndroidManifest.xml:13:13-74
85            android:exported="false"
85-->[:image_picker] AndroidManifest.xml:14:13-37
86            android:grantUriPermissions="true" >
86-->[:image_picker] AndroidManifest.xml:15:13-47
87            <meta-data
87-->[:image_picker] AndroidManifest.xml:16:13-18:75
88                android:name="android.support.FILE_PROVIDER_PATHS"
88-->[:image_picker] AndroidManifest.xml:17:17-67
89                android:resource="@xml/flutter_image_picker_file_paths" />
89-->[:image_picker] AndroidManifest.xml:18:17-72
90        </provider>
91
92        <service
92-->[:cloud_firestore] AndroidManifest.xml:8:9-12:19
93            android:name="com.google.firebase.components.ComponentDiscoveryService"
93-->[:cloud_firestore] AndroidManifest.xml:8:18-89
94            android:directBootAware="true"
94-->[com.google.firebase:firebase-common:19.3.1] AndroidManifest.xml:35:13-43
95            android:exported="false" >
95-->[com.google.firebase:firebase-auth:20.0.0] AndroidManifest.xml:84:13-37
96            <meta-data
96-->[:cloud_firestore] AndroidManifest.xml:9:13-11:85
97                android:name="com.google.firebase.components:io.flutter.plugins.firebase.firestore.FlutterFirebaseFirestoreRegistrar"
97-->[:cloud_firestore] AndroidManifest.xml:10:17-134
98                android:value="com.google.firebase.components.ComponentRegistrar" />
98-->[:cloud_firestore] AndroidManifest.xml:11:17-82
99            <meta-data
99-->[:firebase_auth] AndroidManifest.xml:9:13-11:85
100                android:name="com.google.firebase.components:io.flutter.plugins.firebase.auth.FlutterFirebaseAuthRegistrar"
100-->[:firebase_auth] AndroidManifest.xml:10:17-124
101                android:value="com.google.firebase.components.ComponentRegistrar" />
101-->[:firebase_auth] AndroidManifest.xml:11:17-82
102            <meta-data
102-->[:firebase_storage] AndroidManifest.xml:9:13-11:85
103                android:name="com.google.firebase.components:io.flutter.plugins.firebase.storage.FlutterFirebaseAppRegistrar"
103-->[:firebase_storage] AndroidManifest.xml:10:17-126
104                android:value="com.google.firebase.components.ComponentRegistrar" />
104-->[:firebase_storage] AndroidManifest.xml:11:17-82
105            <meta-data
105-->[:firebase_messaging] AndroidManifest.xml:14:13-16:85
106                android:name="com.google.firebase.components:io.flutter.plugins.firebasemessaging.FlutterFirebaseAppRegistrar"
106-->[:firebase_messaging] AndroidManifest.xml:15:17-127
107                android:value="com.google.firebase.components.ComponentRegistrar" />
107-->[:firebase_messaging] AndroidManifest.xml:16:17-82
108            <meta-data
108-->[:firebase_core] AndroidManifest.xml:9:13-11:85
109                android:name="com.google.firebase.components:io.flutter.plugins.firebase.core.FlutterFirebaseCoreRegistrar"
109-->[:firebase_core] AndroidManifest.xml:10:17-124
110                android:value="com.google.firebase.components.ComponentRegistrar" />
110-->[:firebase_core] AndroidManifest.xml:11:17-82
111            <meta-data
111-->[com.google.firebase:firebase-auth:20.0.0] AndroidManifest.xml:85:13-87:85
112                android:name="com.google.firebase.components:com.google.firebase.auth.FirebaseAuthRegistrar"
112-->[com.google.firebase:firebase-auth:20.0.0] AndroidManifest.xml:86:17-109
113                android:value="com.google.firebase.components.ComponentRegistrar" />
113-->[com.google.firebase:firebase-auth:20.0.0] AndroidManifest.xml:87:17-82
114            <meta-data
114-->[com.google.firebase:firebase-firestore:22.0.0] AndroidManifest.xml:20:13-22:85
115                android:name="com.google.firebase.components:com.google.firebase.firestore.FirestoreRegistrar"
115-->[com.google.firebase:firebase-firestore:22.0.0] AndroidManifest.xml:21:17-111
116                android:value="com.google.firebase.components.ComponentRegistrar" />
116-->[com.google.firebase:firebase-firestore:22.0.0] AndroidManifest.xml:22:17-82
117            <meta-data
117-->[com.google.firebase:firebase-storage:19.2.0] AndroidManifest.xml:33:13-35:85
118                android:name="com.google.firebase.components:com.google.firebase.storage.StorageRegistrar"
118-->[com.google.firebase:firebase-storage:19.2.0] AndroidManifest.xml:34:17-107
119                android:value="com.google.firebase.components.ComponentRegistrar" />
119-->[com.google.firebase:firebase-storage:19.2.0] AndroidManifest.xml:35:17-82
120            <meta-data
120-->[com.google.firebase:firebase-messaging:21.0.0] AndroidManifest.xml:39:13-41:85
121                android:name="com.google.firebase.components:com.google.firebase.messaging.FirebaseMessagingRegistrar"
121-->[com.google.firebase:firebase-messaging:21.0.0] AndroidManifest.xml:40:17-119
122                android:value="com.google.firebase.components.ComponentRegistrar" />
122-->[com.google.firebase:firebase-messaging:21.0.0] AndroidManifest.xml:41:17-82
123            <meta-data
123-->[com.google.firebase:firebase-iid:21.0.0] AndroidManifest.xml:32:13-34:85
124                android:name="com.google.firebase.components:com.google.firebase.iid.Registrar"
124-->[com.google.firebase:firebase-iid:21.0.0] AndroidManifest.xml:33:17-96
125                android:value="com.google.firebase.components.ComponentRegistrar" />
125-->[com.google.firebase:firebase-iid:21.0.0] AndroidManifest.xml:34:17-82
126            <meta-data
126-->[com.google.android.gms:play-services-measurement-api:18.0.0] AndroidManifest.xml:30:13-32:85
127                android:name="com.google.firebase.components:com.google.firebase.analytics.connector.internal.AnalyticsConnectorRegistrar"
127-->[com.google.android.gms:play-services-measurement-api:18.0.0] AndroidManifest.xml:31:17-139
128                android:value="com.google.firebase.components.ComponentRegistrar" />
128-->[com.google.android.gms:play-services-measurement-api:18.0.0] AndroidManifest.xml:32:17-82
129            <meta-data
129-->[com.google.firebase:firebase-datatransport:17.0.3] AndroidManifest.xml:28:13-30:85
130                android:name="com.google.firebase.components:com.google.firebase.datatransport.TransportRegistrar"
130-->[com.google.firebase:firebase-datatransport:17.0.3] AndroidManifest.xml:29:17-115
131                android:value="com.google.firebase.components.ComponentRegistrar" />
131-->[com.google.firebase:firebase-datatransport:17.0.3] AndroidManifest.xml:30:17-82
132            <meta-data
132-->[com.google.firebase:firebase-installations:16.3.3] AndroidManifest.xml:17:13-19:85
133                android:name="com.google.firebase.components:com.google.firebase.installations.FirebaseInstallationsRegistrar"
133-->[com.google.firebase:firebase-installations:16.3.3] AndroidManifest.xml:18:17-127
134                android:value="com.google.firebase.components.ComponentRegistrar" />
134-->[com.google.firebase:firebase-installations:16.3.3] AndroidManifest.xml:19:17-82
135        </service>
136
137        <activity
137-->[:flutter_inappwebview] AndroidManifest.xml:8:9-11:47
138            android:name="com.pichillilorenzo.flutter_inappwebview.InAppBrowser.InAppBrowserActivity"
138-->[:flutter_inappwebview] AndroidManifest.xml:9:13-102
139            android:configChanges="orientation|screenSize"
139-->[:flutter_inappwebview] AndroidManifest.xml:10:13-59
140            android:theme="@style/AppTheme" />
140-->[:flutter_inappwebview] AndroidManifest.xml:11:13-44
141        <activity
141-->[:flutter_inappwebview] AndroidManifest.xml:12:9-15:55
142            android:name="com.pichillilorenzo.flutter_inappwebview.ChromeCustomTabs.ChromeCustomTabsActivity"
142-->[:flutter_inappwebview] AndroidManifest.xml:13:13-110
143            android:configChanges="orientation|screenSize"
143-->[:flutter_inappwebview] AndroidManifest.xml:14:13-59
144            android:theme="@style/ThemeTransparent" />
144-->[:flutter_inappwebview] AndroidManifest.xml:15:13-52
145
146        <receiver android:name="com.pichillilorenzo.flutter_inappwebview.ChromeCustomTabs.ActionBroadcastReceiver" />
146-->[:flutter_inappwebview] AndroidManifest.xml:17:9-118
146-->[:flutter_inappwebview] AndroidManifest.xml:17:19-115
147
148        <service android:name="io.flutter.plugins.firebasemessaging.FlutterFirebaseMessagingService" >
148-->[:firebase_messaging] AndroidManifest.xml:8:9-12:19
148-->[:firebase_messaging] AndroidManifest.xml:8:18-101
149            <intent-filter>
149-->[:firebase_messaging] AndroidManifest.xml:9:13-11:29
150                <action android:name="com.google.firebase.MESSAGING_EVENT" />
150-->[:firebase_messaging] AndroidManifest.xml:10:17-78
150-->[:firebase_messaging] AndroidManifest.xml:10:25-75
151            </intent-filter>
152        </service>
153
154        <activity
154-->[:url_launcher] AndroidManifest.xml:8:9-11:74
155            android:name="io.flutter.plugins.urllauncher.WebViewActivity"
155-->[:url_launcher] AndroidManifest.xml:9:13-74
156            android:exported="false"
156-->[:url_launcher] AndroidManifest.xml:10:13-37
157            android:theme="@android:style/Theme.NoTitleBar.Fullscreen" />
157-->[:url_launcher] AndroidManifest.xml:11:13-71
158        <activity
158-->[com.google.android.gms:play-services-auth:16.0.1] AndroidManifest.xml:23:9-27:75
159            android:name="com.google.android.gms.auth.api.signin.internal.SignInHubActivity"
159-->[com.google.android.gms:play-services-auth:16.0.1] AndroidManifest.xml:24:13-93
160            android:excludeFromRecents="true"
160-->[com.google.android.gms:play-services-auth:16.0.1] AndroidManifest.xml:25:13-46
161            android:exported="false"
161-->[com.google.android.gms:play-services-auth:16.0.1] AndroidManifest.xml:26:13-37
162            android:theme="@android:style/Theme.Translucent.NoTitleBar" />
162-->[com.google.android.gms:play-services-auth:16.0.1] AndroidManifest.xml:27:13-72
163        <!--
164            Service handling Google Sign-In user revocation. For apps that do not integrate with
165            Google Sign-In, this service will never be started.
166        -->
167        <service
167-->[com.google.android.gms:play-services-auth:16.0.1] AndroidManifest.xml:33:9-36:110
168            android:name="com.google.android.gms.auth.api.signin.RevocationBoundService"
168-->[com.google.android.gms:play-services-auth:16.0.1] AndroidManifest.xml:34:13-89
169            android:exported="true"
169-->[com.google.android.gms:play-services-auth:16.0.1] AndroidManifest.xml:35:13-36
170            android:permission="com.google.android.gms.auth.api.signin.permission.REVOCATION_NOTIFICATION" />
170-->[com.google.android.gms:play-services-auth:16.0.1] AndroidManifest.xml:36:13-107
171
172        <activity
172-->[com.google.firebase:firebase-auth:20.0.0] AndroidManifest.xml:27:9-34:50
173            android:name="com.google.firebase.auth.internal.FederatedSignInActivity"
173-->[com.google.firebase:firebase-auth:20.0.0] AndroidManifest.xml:28:13-85
174            android:excludeFromRecents="true"
174-->[com.google.firebase:firebase-auth:20.0.0] AndroidManifest.xml:29:13-46
175            android:exported="true"
175-->[com.google.firebase:firebase-auth:20.0.0] AndroidManifest.xml:30:13-36
176            android:launchMode="singleTask"
176-->[com.google.firebase:firebase-auth:20.0.0] AndroidManifest.xml:31:13-44
177            android:permission="com.google.firebase.auth.api.gms.permission.LAUNCH_FEDERATED_SIGN_IN"
177-->[com.google.firebase:firebase-auth:20.0.0] AndroidManifest.xml:32:13-102
178            android:theme="@android:style/Theme.Translucent.NoTitleBar" />
178-->[com.google.firebase:firebase-auth:20.0.0] AndroidManifest.xml:33:13-72
179        <activity
179-->[com.google.firebase:firebase-auth:20.0.0] AndroidManifest.xml:35:9-52:20
180            android:name="com.google.firebase.auth.internal.GenericIdpActivity"
180-->[com.google.firebase:firebase-auth:20.0.0] AndroidManifest.xml:36:13-80
181            android:excludeFromRecents="true"
181-->[com.google.firebase:firebase-auth:20.0.0] AndroidManifest.xml:37:13-46
182            android:exported="true"
182-->[com.google.firebase:firebase-auth:20.0.0] AndroidManifest.xml:38:13-36
183            android:launchMode="singleTask"
183-->[com.google.firebase:firebase-auth:20.0.0] AndroidManifest.xml:39:13-44
184            android:theme="@android:style/Theme.Translucent.NoTitleBar" >
184-->[com.google.firebase:firebase-auth:20.0.0] AndroidManifest.xml:40:13-72
185            <intent-filter>
185-->[com.google.firebase:firebase-auth:20.0.0] AndroidManifest.xml:41:13-51:29
186                <action android:name="android.intent.action.VIEW" />
186-->[com.google.firebase:firebase-auth:20.0.0] AndroidManifest.xml:42:17-69
186-->[com.google.firebase:firebase-auth:20.0.0] AndroidManifest.xml:42:25-66
187
188                <category android:name="android.intent.category.DEFAULT" />
188-->[com.google.firebase:firebase-auth:20.0.0] AndroidManifest.xml:44:17-76
188-->[com.google.firebase:firebase-auth:20.0.0] AndroidManifest.xml:44:27-73
189                <category android:name="android.intent.category.BROWSABLE" />
189-->[com.google.firebase:firebase-auth:20.0.0] AndroidManifest.xml:45:17-78
189-->[com.google.firebase:firebase-auth:20.0.0] AndroidManifest.xml:45:27-75
190
191                <data
191-->[com.google.firebase:firebase-auth:20.0.0] AndroidManifest.xml:47:17-50:51
192                    android:host="firebase.auth"
192-->[com.google.firebase:firebase-auth:20.0.0] AndroidManifest.xml:48:21-49
193                    android:path="/"
193-->[com.google.firebase:firebase-auth:20.0.0] AndroidManifest.xml:49:21-37
194                    android:scheme="genericidp" />
194-->[com.google.firebase:firebase-auth:20.0.0] AndroidManifest.xml:50:21-48
195            </intent-filter>
196        </activity>
197        <activity
197-->[com.google.firebase:firebase-auth:20.0.0] AndroidManifest.xml:53:9-70:20
198            android:name="com.google.firebase.auth.internal.RecaptchaActivity"
198-->[com.google.firebase:firebase-auth:20.0.0] AndroidManifest.xml:54:13-79
199            android:excludeFromRecents="true"
199-->[com.google.firebase:firebase-auth:20.0.0] AndroidManifest.xml:55:13-46
200            android:exported="true"
200-->[com.google.firebase:firebase-auth:20.0.0] AndroidManifest.xml:56:13-36
201            android:launchMode="singleTask"
201-->[com.google.firebase:firebase-auth:20.0.0] AndroidManifest.xml:57:13-44
202            android:theme="@android:style/Theme.Translucent.NoTitleBar" >
202-->[com.google.firebase:firebase-auth:20.0.0] AndroidManifest.xml:58:13-72
203            <intent-filter>
203-->[com.google.firebase:firebase-auth:20.0.0] AndroidManifest.xml:59:13-69:29
204                <action android:name="android.intent.action.VIEW" />
204-->[com.google.firebase:firebase-auth:20.0.0] AndroidManifest.xml:42:17-69
204-->[com.google.firebase:firebase-auth:20.0.0] AndroidManifest.xml:42:25-66
205
206                <category android:name="android.intent.category.DEFAULT" />
206-->[com.google.firebase:firebase-auth:20.0.0] AndroidManifest.xml:44:17-76
206-->[com.google.firebase:firebase-auth:20.0.0] AndroidManifest.xml:44:27-73
207                <category android:name="android.intent.category.BROWSABLE" />
207-->[com.google.firebase:firebase-auth:20.0.0] AndroidManifest.xml:45:17-78
207-->[com.google.firebase:firebase-auth:20.0.0] AndroidManifest.xml:45:27-75
208
209                <data
209-->[com.google.firebase:firebase-auth:20.0.0] AndroidManifest.xml:47:17-50:51
210                    android:host="firebase.auth"
210-->[com.google.firebase:firebase-auth:20.0.0] AndroidManifest.xml:48:21-49
211                    android:path="/"
211-->[com.google.firebase:firebase-auth:20.0.0] AndroidManifest.xml:49:21-37
212                    android:scheme="recaptcha" />
212-->[com.google.firebase:firebase-auth:20.0.0] AndroidManifest.xml:50:21-48
213            </intent-filter>
214        </activity>
215
216        <service
216-->[com.google.firebase:firebase-auth:20.0.0] AndroidManifest.xml:72:9-81:19
217            android:name="com.google.firebase.auth.api.fallback.service.FirebaseAuthFallbackService"
217-->[com.google.firebase:firebase-auth:20.0.0] AndroidManifest.xml:73:13-101
218            android:enabled="true"
218-->[com.google.firebase:firebase-auth:20.0.0] AndroidManifest.xml:74:13-35
219            android:exported="false" >
219-->[com.google.firebase:firebase-auth:20.0.0] AndroidManifest.xml:75:13-37
220            <intent-filter>
220-->[com.google.firebase:firebase-auth:20.0.0] AndroidManifest.xml:76:13-80:29
221                <action android:name="com.google.firebase.auth.api.gms.service.START" />
221-->[com.google.firebase:firebase-auth:20.0.0] AndroidManifest.xml:77:17-89
221-->[com.google.firebase:firebase-auth:20.0.0] AndroidManifest.xml:77:25-86
222
223                <category android:name="android.intent.category.DEFAULT" />
223-->[com.google.firebase:firebase-auth:20.0.0] AndroidManifest.xml:44:17-76
223-->[com.google.firebase:firebase-auth:20.0.0] AndroidManifest.xml:44:27-73
224            </intent-filter>
225        </service>
226        <!--
227             FirebaseMessagingService performs security checks at runtime,
228             but set to not exported to explicitly avoid allowing another app to call it.
229        -->
230        <service
230-->[com.google.firebase:firebase-messaging:21.0.0] AndroidManifest.xml:28:9-35:19
231            android:name="com.google.firebase.messaging.FirebaseMessagingService"
231-->[com.google.firebase:firebase-messaging:21.0.0] AndroidManifest.xml:29:13-82
232            android:directBootAware="true"
232-->[com.google.firebase:firebase-messaging:21.0.0] AndroidManifest.xml:30:13-43
233            android:exported="false" >
233-->[com.google.firebase:firebase-messaging:21.0.0] AndroidManifest.xml:31:13-37
234            <intent-filter android:priority="-500" >
234-->[:firebase_messaging] AndroidManifest.xml:9:13-11:29
235                <action android:name="com.google.firebase.MESSAGING_EVENT" />
235-->[:firebase_messaging] AndroidManifest.xml:10:17-78
235-->[:firebase_messaging] AndroidManifest.xml:10:25-75
236            </intent-filter>
237        </service>
238
239        <receiver
239-->[com.google.firebase:firebase-iid:21.0.0] AndroidManifest.xml:37:9-44:20
240            android:name="com.google.firebase.iid.FirebaseInstanceIdReceiver"
240-->[com.google.firebase:firebase-iid:21.0.0] AndroidManifest.xml:38:13-78
241            android:exported="true"
241-->[com.google.firebase:firebase-iid:21.0.0] AndroidManifest.xml:39:13-36
242            android:permission="com.google.android.c2dm.permission.SEND" >
242-->[com.google.firebase:firebase-iid:21.0.0] AndroidManifest.xml:40:13-73
243            <intent-filter>
243-->[com.google.firebase:firebase-iid:21.0.0] AndroidManifest.xml:41:13-43:29
244                <action android:name="com.google.android.c2dm.intent.RECEIVE" />
244-->[com.google.firebase:firebase-iid:21.0.0] AndroidManifest.xml:42:17-81
244-->[com.google.firebase:firebase-iid:21.0.0] AndroidManifest.xml:42:25-78
245            </intent-filter>
246        </receiver>
247
248        <activity
248-->[com.google.android.gms:play-services-base:17.3.0] AndroidManifest.xml:23:9-26:75
249            android:name="com.google.android.gms.common.api.GoogleApiActivity"
249-->[com.google.android.gms:play-services-base:17.3.0] AndroidManifest.xml:24:13-79
250            android:exported="false"
250-->[com.google.android.gms:play-services-base:17.3.0] AndroidManifest.xml:25:13-37
251            android:theme="@android:style/Theme.Translucent.NoTitleBar" />
251-->[com.google.android.gms:play-services-base:17.3.0] AndroidManifest.xml:26:13-72
252
253        <provider
253-->[com.google.firebase:firebase-common:19.3.1] AndroidManifest.xml:26:9-31:39
254            android:name="com.google.firebase.provider.FirebaseInitProvider"
254-->[com.google.firebase:firebase-common:19.3.1] AndroidManifest.xml:27:13-77
255            android:authorities="com.ofy.youthopportunities.firebaseinitprovider"
255-->[com.google.firebase:firebase-common:19.3.1] AndroidManifest.xml:28:13-72
256            android:directBootAware="true"
256-->[com.google.firebase:firebase-common:19.3.1] AndroidManifest.xml:29:13-43
257            android:exported="false"
257-->[com.google.firebase:firebase-common:19.3.1] AndroidManifest.xml:30:13-37
258            android:initOrder="100" />
258-->[com.google.firebase:firebase-common:19.3.1] AndroidManifest.xml:31:13-36
259
260        <receiver
260-->[com.google.android.gms:play-services-measurement:18.0.0] AndroidManifest.xml:29:9-33:20
261            android:name="com.google.android.gms.measurement.AppMeasurementReceiver"
261-->[com.google.android.gms:play-services-measurement:18.0.0] AndroidManifest.xml:30:13-85
262            android:enabled="true"
262-->[com.google.android.gms:play-services-measurement:18.0.0] AndroidManifest.xml:31:13-35
263            android:exported="false" >
263-->[com.google.android.gms:play-services-measurement:18.0.0] AndroidManifest.xml:32:13-37
264        </receiver>
265
266        <service
266-->[com.google.android.gms:play-services-measurement:18.0.0] AndroidManifest.xml:35:9-38:40
267            android:name="com.google.android.gms.measurement.AppMeasurementService"
267-->[com.google.android.gms:play-services-measurement:18.0.0] AndroidManifest.xml:36:13-84
268            android:enabled="true"
268-->[com.google.android.gms:play-services-measurement:18.0.0] AndroidManifest.xml:37:13-35
269            android:exported="false" />
269-->[com.google.android.gms:play-services-measurement:18.0.0] AndroidManifest.xml:38:13-37
270        <service
270-->[com.google.android.gms:play-services-measurement:18.0.0] AndroidManifest.xml:39:9-43:72
271            android:name="com.google.android.gms.measurement.AppMeasurementJobService"
271-->[com.google.android.gms:play-services-measurement:18.0.0] AndroidManifest.xml:40:13-87
272            android:enabled="true"
272-->[com.google.android.gms:play-services-measurement:18.0.0] AndroidManifest.xml:41:13-35
273            android:exported="false"
273-->[com.google.android.gms:play-services-measurement:18.0.0] AndroidManifest.xml:42:13-37
274            android:permission="android.permission.BIND_JOB_SERVICE" /> <!-- Include the AdActivity and InAppPurchaseActivity configChanges and themes. -->
274-->[com.google.android.gms:play-services-measurement:18.0.0] AndroidManifest.xml:43:13-69
275        <activity
275-->[com.google.android.gms:play-services-ads-lite:19.5.0] AndroidManifest.xml:29:9-33:64
276            android:name="com.google.android.gms.ads.AdActivity"
276-->[com.google.android.gms:play-services-ads-lite:19.5.0] AndroidManifest.xml:30:13-65
277            android:configChanges="keyboard|keyboardHidden|orientation|screenLayout|uiMode|screenSize|smallestScreenSize"